2019-04-15 10:14:24 - Host: santoshapro.me:97 - FATAL - [ErrorException] E_ERROR
Uncaught Error: Function name must be a string in /var/www/html/bitrix/modules/main/classes/general/update_client.php:1
Stack trace:
#0 /var/www/html/bitrix/modules/main/classes/general/update_client.php(1): CUpdateClient::GetOption('main', 'crc_code', '')
#1 /var/www/html/bitrix/modules/bitrixcloud/classes/general/monitoring_webservice.php(19): CUpdateClient::getSpd()
#2 /var/www/html/bitrix/modules/bitrixcloud/classes/general/webservice.php(30): CBitrixCloudMonitoringWebService->getActionURL(Array)
#3 /var/www/html/bitrix/modules/bitrixcloud/classes/general/monitoring_webservice.php(41): CBitrixCloudWebService->action('monitoring_get_...')
#4 /var/www/html/bitrix/modules/bitrixcloud/classes/general/monitoring_webservice.php(147): CBitrixCloudMonitoringWebService->monitoring_action('monitoring_get_...')
#5 /var/www/html/bitrix/modules/bitrixcloud/classes/general/monitoring.php(198): CBitrixCloudMonitoringWebService->actionGetInfo(7)
#6 /var/www/html/bitrix/gadgets/bitrix/bitrixcloud_monitoring/.description.php(8): CBitrixCloudMonitoring->getMonitoringResults()
#7 /var/www/html/bitrix/components/bitrix/desktop/include.php(211): include('/var/www/html/b...')
#8 /var/www/html/bitrix/components/bitrix/desktop/include.php(141): BXGadget::GetById('bitrixcloud_mon...', false, false)
#9 /var/www/html/bitrix/components/bitrix/desktop/component.php(543): BXGadget::GetList()
#10 /var/www/html/bitrix/modules/main/classes/general/component.php(535): include('/var/www/html/b...')
#11 /var/www/html/bitrix/modules/main/classes/general/component.php(578): CBitrixComponent->__includeComponent()
#12 /var/www/html/bitrix/modules/main/classes/general/main.php(1044): CBitrixComponent->includeComponent('admin', Array, false)
#13 /var/www/html/bitrix/modules/main/interface/desktop.php(34): CAllMain->IncludeComponent('bitrix:desktop', 'admin', Array, false, Array)
#14 /var/www/html/bitrix/admin/index.php(2): require('/var/www/html/b...')
#15 {main}
  thrown (0)
/var/www/html/bitrix/modules/main/classes/general/update_client.php:1
----------
2019-04-15 11:01:16 - Host: santoshapro.me:97 - FATAL - [ErrorException] E_ERROR
Uncaught Error: Using $this when not in object context in /var/www/html/bitrix/modules/iblock/classes/mysql/cml2.php:122
Stack trace:
#0 /var/www/html/bitrix/modules/iblock/admin/iblock_xml_import.php(84): CIBlockXMLFile::CreateTemporaryTables()
#1 /var/www/html/bitrix/admin/iblock_xml_import.php(1): require('/var/www/html/b...')
#2 {main}
  thrown (0)
/var/www/html/bitrix/modules/iblock/classes/mysql/cml2.php:122
----------
